<?xml version="1.0" encoding="UTF-8"?>
<testsuite xmlns:xsi="http://www.w3.org/2001/XMLSchema-instance" xsi:noNamespaceSchemaLocation="https://maven.apache.org/surefire/maven-surefire-plugin/xsd/surefire-test-report-3.0.xsd" version="3.0" name="searcher.bot.BotApplicationTests" time="9.792" tests="1" errors="0" skipped="0" failures="0">
  <properties>
[...]
</properties>
  <testcase name="contextLoads" classname="searcher.bot.BotApplicationTests" time="3.23">
    <system-out><![CDATA[20:29:58.082 [main] INFO org.springframework.test.context.support.AnnotationConfigContextLoaderUtils -- Could not detect default configuration classes for test class [searcher.bot.BotApplicationTests]: BotApplicationTests does not declare any static, non-private, non-final, nested classes annotated with @Configuration.
20:29:58.304 [main] INFO org.springframework.boot.test.context.SpringBootTestContextBootstrapper -- Found @SpringBootConfiguration searcher.bot.BotApplication for test class searcher.bot.BotApplicationTests
  .   ____          _            __ _ _
 /\\ / ___'_ __ _ _(_)_ __  __ _ \ \ \ \
( ( )\___ | '_ | '_| | '_ \/ _` | \ \ \ \
 \\/  ___)| |_)| | | | | || (_| |  ) ) ) )
  '  |____| .__|_| |_|_| |_\__, | / / / /
 =========|_|==============|___/=/_/_/_/

 :: Spring Boot ::                (v3.3.0)

2024-06-14T20:29:59.406+03:00  INFO 13796 --- [bot] [           main] searcher.bot.BotApplicationTests         : Starting BotApplicationTests using Java 18 with PID 13796 (started by Користувач in C:\Users\Користувач\Downloads\searhcer\bot)
2024-06-14T20:29:59.414+03:00  INFO 13796 --- [bot] [           main] searcher.bot.BotApplicationTests         : No active profile set, falling back to 1 default profile: "default"
2024-06-14T20:30:04.019+03:00  INFO 13796 --- [bot] [           main] o.t.telegrambots.longpolling.BotSession  : Result when calling deleteWebhook: true
2024-06-14T20:30:04.197+03:00  INFO 13796 --- [bot] [           main] searcher.bot.BotApplicationTests         : Started BotApplicationTests in 5.416 seconds (process running for 8.383)
]]></system-out>
  </testcase>
</testsuite>